\BOOKMARK [1][-]{section.1}{\376\377\000I\000n\000t\000r\000o\000d\000u\000c\000t\000i\000o\000n}{}% 1
\BOOKMARK [1][-]{section.2}{\376\377\004\020\004\077\004\077\004\100\004\076\004\072\004\101\004\070\004\074\004\060\004\106\004\070\004\117\000\040\004\063\004\060\004\075\004\072\004\065\004\073\004\065\004\062\004\113\004\074\004\070\000\040\004\074\004\060\004\102\004\100\004\070\004\106\004\060\004\074\004\070\000\040\004\075\004\065\004\077\004\076\004\073\004\075\004\076\004\063\004\076\000\040\004\100\004\060\004\075\004\063\004\060}{}% 2
\BOOKMARK [2][-]{subsection.2.1}{\376\377\004\036\004\061\004\111\004\070\004\071\000\040\004\060\004\073\004\063\004\076\004\100\004\070\004\102\004\074}{section.2}% 3
\BOOKMARK [2][-]{subsection.2.2}{\376\377\004\022\004\113\004\107\004\070\004\101\004\073\004\065\004\075\004\070\004\065\000\040\004\077\004\100\004\076\004\065\004\072\004\102\004\076\004\100\004\076\004\062}{section.2}% 4
\BOOKMARK [1][-]{section.3}{\376\377\004\022\004\100\004\065\004\074\004\065\004\075\004\075\004\113\004\065\000\040\004\100\004\117\004\064\004\113\000\040\004\070\000\040\004\067\004\060\004\064\004\060\004\107\004\060\000\040\004\060\004\077\004\077\004\100\004\076\004\072\004\101\004\070\004\074\004\060\004\106\004\070\004\070\000\040\004\074\004\060\004\102\004\100\004\070\004\106}{}% 5
\BOOKMARK [2][-]{subsection.3.1}{\376\377\004\037\004\076\004\101\004\102\004\060\004\075\004\076\004\062\004\072\004\060\000\040\004\067\004\060\004\064\004\060\004\107\004\070\000\040\004\064\004\073\004\117\000\040\004\062\004\100\004\065\004\074\004\065\004\075\004\075\004\113\004\105\000\040\004\100\004\117\004\064\004\076\004\062}{section.3}% 6
\BOOKMARK [2][-]{subsection.3.2}{\376\377\004\055\004\072\004\062\004\070\004\062\004\060\004\073\004\065\004\075\004\102\004\075\004\113\004\065\000\040\004\106\004\065\004\073\004\065\004\062\004\113\004\065\000\040\004\104\004\103\004\075\004\072\004\106\004\070\004\070\000\040\004\067\004\060\004\064\004\060\004\107\004\070\000\040\000\050\0001\0001\000\051}{section.3}% 7
\BOOKMARK [1][-]{section.4}{\376\377\004\020\004\073\004\063\004\076\004\100\004\070\004\102\004\074\004\113}{}% 8
\BOOKMARK [2][-]{subsection.4.1}{\376\377\004\020\004\073\004\063\004\076\004\100\004\070\004\102\004\074\000\040\000C\000a\000d\000z\000o\000w}{section.4}% 9
\BOOKMARK [2][-]{subsection.4.2}{\376\377\004\020\004\073\004\063\004\076\004\100\004\070\004\102\004\074\000\040\000W\000e\000i\000g\000h\000t\000e\000d\000\040\000C\000a\000d\000z\000o\000w}{section.4}% 10
\BOOKMARK [2][-]{subsection.4.3}{\376\377\004\020\004\073\004\063\004\076\004\100\004\070\004\102\004\074\000\040\000E\000x\000t\000e\000n\000d\000e\000d\000\040\000C\000a\000d\000z\000o\000w}{section.4}% 11
\BOOKMARK [2][-]{subsection.4.4}{\376\377\004\020\004\073\004\063\004\076\004\100\004\070\004\102\004\074\004\113\000\040\000O\000b\000l\000i\000q\000u\000e\000\040\000C\000a\000d\000z\000o\000w}{section.4}% 12
\BOOKMARK [3][-]{subsubsection.4.4.1}{\376\377\004\020\004\073\004\063\004\076\004\100\004\070\004\102\004\074\000\040\000C\000a\000d\000z\000o\000w\000\040\000\050\000\051}{subsection.4.4}% 13
\BOOKMARK [3][-]{subsubsection.4.4.2}{\376\377\004\020\004\073\004\063\004\076\004\100\004\070\004\102\004\074\000\040\000C\000a\000d\000z\000o\000w\000\040\000c\000\040\000C\000"\0000\0003\0006\0002\000C}{subsection.4.4}% 14
\BOOKMARK [3][-]{subsubsection.4.4.3}{\376\377\004\041\004\076\004\076\004\102\004\062\004\065\004\102\004\101\004\102\004\062\004\070\004\065\000\040\004\074\004\065\004\066\004\064\004\103\000\040\004\060\004\073\004\063\004\076\004\100\004\070\004\102\004\074\004\060\004\074\004\070\000\040\004\070\000\040\004\062\004\065\004\101\004\060\004\074\004\070\000\040\000q\000i\000\040\004\062\000\040\000\050\0001\0001\000\051}{subsection.4.4}% 15
\BOOKMARK [2][-]{subsection.4.5}{\376\377\004\032\004\076\004\074\004\074\004\065\004\075\004\102\004\060\004\100\004\070\004\070\000\040\004\072\000\040\004\060\004\073\004\063\004\076\004\100\004\070\004\102\004\074\004\060\004\074\000.\000\040\004\041\004\100\004\060\004\062\004\075\004\065\004\075\004\070\004\065}{section.4}% 16
\BOOKMARK [1][-]{section.5}{\376\377\004\047\004\070\004\101\004\073\004\065\004\075\004\075\004\113\004\065\000\040\004\115\004\072\004\101\004\077\004\065\004\100\004\070\004\074\004\065\004\075\004\102\004\113}{}% 17
\BOOKMARK [1][-]{section.6}{\376\377\004\027\004\060\004\072\004\073\004\116\004\107\004\065\004\075\004\070\004\065}{}% 18
\BOOKMARK [1][-]{section.6}{\376\377\004\041\004\077\004\070\004\101\004\076\004\072\000\040\004\073\004\070\004\102\004\065\004\100\004\060\004\102\004\103\004\100\004\113}{}% 19
\BOOKMARK [1][-]{section.7}{\376\377\004\037\004\100\004\070\004\073\004\076\004\066\004\065\004\075\004\070\004\065\000:\000\040\004\040\004\060\004\067\004\064\004\065\004\073\004\070\004\074\004\076\004\101\004\102\004\114\000\040\004\072\004\076\004\075\004\101\004\102\004\060\004\075\004\102\004\113\000\040\004\070\000\040\004\063\004\060\004\100\004\074\004\076\004\075\004\070\004\072\004\070\000\040\004\064\004\073\004\117\000\040\004\064\004\062\004\103\004\105\000\040\004\060\004\073\004\063\004\076\004\100\004\070\004\102\004\074\004\076\004\062\000\040\000O\000b\000l\000i\000q\000u\000e\000\040\000C\000a\000d\000z\000o\000w}{}% 20
